<?xml version="1.0" encoding="UTF-8"?>
<!-- Generated by org.testng.reporters.JUnitXMLReporter -->
<testsuite ignored="0" hostname="ZSCHN01LP0312" failures="0" tests="5" name="Default test" time="4.836" errors="0" timestamp="2024-02-13T10:48:43 IST">
  <testcase classname="testScripts.CondiutArticleTest" name="navigateToLoginPageTest" time="0.086"/>
  <testcase classname="testScripts.CondiutArticleTest" name="login" time="0.211"/>
  <testcase classname="testScripts.CondiutArticleTest" name="createArticle" time="1.857"/>
  <testcase classname="testScripts.CondiutArticleTest" name="editArticle" time="0.179"/>
  <testcase classname="testScripts.CondiutArticleTest" name="deleteArticle" time="0.618"/>
</testsuite> <!-- Default test -->
