<?xml version="1.0" encoding="UTF-8"?>
<!-- Generated by org.testng.reporters.JUnitXMLReporter -->
<testsuite ignored="0" hostname="ZSCHN01LP0312" failures="0" tests="7" name="Default test" time="12.046" errors="0" timestamp="2024-02-15T22:29:50 IST">
  <testcase classname="testScripts.CondiutArticleTest" name="navigateToLoginPageTest" time="0.243"/>
  <testcase classname="testScripts.CondiutArticleTest" name="invalidloginTest" time="0.857"/>
  <testcase classname="testScripts.CondiutArticleTest" name="validloginTest" time="0.893"/>
  <testcase classname="testScripts.CondiutArticleTest" name="DuplicateArticleTest" time="1.112"/>
  <testcase classname="testScripts.CondiutArticleTest" name="createArticleTest" time="1.895"/>
  <testcase classname="testScripts.CondiutArticleTest" name="editArticleTest" time="0.375"/>
  <testcase classname="testScripts.CondiutArticleTest" name="deleteArticleTest" time="1.53"/>
</testsuite> <!-- Default test -->
