<?xml version="1.0" encoding="UTF-8"?>
<testng-results ignored="0" total="7" passed="7" failed="0" skipped="0">
  <reporter-output>
  </reporter-output>
  <suite started-at="2024-02-15T22:29:38 IST" name="Default suite" finished-at="2024-02-15T22:29:50 IST" duration-ms="12046">
    <groups>
    </groups>
    <test started-at="2024-02-15T22:29:38 IST" name="Default test" finished-at="2024-02-15T22:29:50 IST" duration-ms="12046">
      <class name="testScripts.CondiutArticleTest">
        <test-method is-config="true" signature="setup()[pri:0, instance:testScripts.CondiutArticleTest@71b1a49c]" started-at="2024-02-15T22:29:38 IST" name="setup" finished-at="2024-02-15T22:29:42 IST" duration-ms="3897" status="PASS">
          <reporter-output>
          </reporter-output>
        </test-method> <!-- setup -->
        <test-method is-config="true" signature="setupExtent()[pri:0, instance:testScripts.CondiutArticleTest@71b1a49c]" started-at="2024-02-15T22:29:42 IST" name="setupExtent" finished-at="2024-02-15T22:29:42 IST" duration-ms="464" status="PASS">
          <reporter-output>
          </reporter-output>
        </test-method> <!-- setupExtent -->
        <test-method signature="navigateToLoginPageTest()[pri:1, instance:testScripts.CondiutArticleTest@71b1a49c]" started-at="2024-02-15T22:29:42 IST" name="navigateToLoginPageTest" finished-at="2024-02-15T22:29:43 IST" duration-ms="243" status="PASS">
          <reporter-output>
          </reporter-output>
        </test-method> <!-- navigateToLoginPageTest -->
        <test-method is-config="true" signature="teardown(org.testng.ITestResult)[pri:0, instance:testScripts.CondiutArticleTest@71b1a49c]" started-at="2024-02-15T22:29:43 IST" name="teardown" finished-at="2024-02-15T22:29:43 IST" duration-ms="11" status="PASS">
          <params>
            <param index="0">
              <value>
                <![CDATA[[TestResult name=navigateToLoginPageTest status=SUCCESS method=CondiutArticleTest.navigateToLoginPageTest()[pri:1, instance:testScripts.CondiutArticleTest@71b1a49c] output={null}]]]>
              </value>
            </param>
          </params>
          <reporter-output>
          </reporter-output>
        </test-method> <!-- teardown -->
        <test-method signature="invalidloginTest()[pri:2, instance:testScripts.CondiutArticleTest@71b1a49c]" started-at="2024-02-15T22:29:43 IST" name="invalidloginTest" finished-at="2024-02-15T22:29:44 IST" duration-ms="857" status="PASS">
          <reporter-output>
          </reporter-output>
        </test-method> <!-- invalidloginTest -->
        <test-method is-config="true" signature="teardown(org.testng.ITestResult)[pri:0, instance:testScripts.CondiutArticleTest@71b1a49c]" started-at="2024-02-15T22:29:44 IST" name="teardown" finished-at="2024-02-15T22:29:44 IST" duration-ms="2" status="PASS">
          <params>
            <param index="0">
              <value>
                <![CDATA[[TestResult name=invalidloginTest status=SUCCESS method=CondiutArticleTest.invalidloginTest()[pri:2, instance:testScripts.CondiutArticleTest@71b1a49c] output={null}]]]>
              </value>
            </param>
          </params>
          <reporter-output>
          </reporter-output>
        </test-method> <!-- teardown -->
        <test-method signature="validloginTest()[pri:3, instance:testScripts.CondiutArticleTest@71b1a49c]" started-at="2024-02-15T22:29:44 IST" name="validloginTest" finished-at="2024-02-15T22:29:44 IST" duration-ms="893" status="PASS">
          <reporter-output>
          </reporter-output>
        </test-method> <!-- validloginTest -->
        <test-method is-config="true" signature="teardown(org.testng.ITestResult)[pri:0, instance:testScripts.CondiutArticleTest@71b1a49c]" started-at="2024-02-15T22:29:44 IST" name="teardown" finished-at="2024-02-15T22:29:44 IST" duration-ms="1" status="PASS">
          <params>
            <param index="0">
              <value>
                <![CDATA[[TestResult name=validloginTest status=SUCCESS method=CondiutArticleTest.validloginTest()[pri:3, instance:testScripts.CondiutArticleTest@71b1a49c] output={null}]]]>
              </value>
            </param>
          </params>
          <reporter-output>
          </reporter-output>
        </test-method> <!-- teardown -->
        <test-method signature="DuplicateArticleTest()[pri:4, instance:testScripts.CondiutArticleTest@71b1a49c]" started-at="2024-02-15T22:29:44 IST" name="DuplicateArticleTest" finished-at="2024-02-15T22:29:46 IST" duration-ms="1112" status="PASS">
          <reporter-output>
          </reporter-output>
        </test-method> <!-- DuplicateArticleTest -->
        <test-method is-config="true" signature="teardown(org.testng.ITestResult)[pri:0, instance:testScripts.CondiutArticleTest@71b1a49c]" started-at="2024-02-15T22:29:46 IST" name="teardown" finished-at="2024-02-15T22:29:46 IST" duration-ms="0" status="PASS">
          <params>
            <param index="0">
              <value>
                <![CDATA[[TestResult name=DuplicateArticleTest status=SUCCESS method=CondiutArticleTest.DuplicateArticleTest()[pri:4, instance:testScripts.CondiutArticleTest@71b1a49c] output={null}]]]>
              </value>
            </param>
          </params>
          <reporter-output>
          </reporter-output>
        </test-method> <!-- teardown -->
        <test-method signature="createArticleTest()[pri:5, instance:testScripts.CondiutArticleTest@71b1a49c]" started-at="2024-02-15T22:29:46 IST" name="createArticleTest" finished-at="2024-02-15T22:29:47 IST" duration-ms="1895" status="PASS">
          <reporter-output>
          </reporter-output>
        </test-method> <!-- createArticleTest -->
        <test-method is-config="true" signature="teardown(org.testng.ITestResult)[pri:0, instance:testScripts.CondiutArticleTest@71b1a49c]" started-at="2024-02-15T22:29:47 IST" name="teardown" finished-at="2024-02-15T22:29:47 IST" duration-ms="1" status="PASS">
          <params>
            <param index="0">
              <value>
                <![CDATA[[TestResult name=createArticleTest status=SUCCESS method=CondiutArticleTest.createArticleTest()[pri:5, instance:testScripts.CondiutArticleTest@71b1a49c] output={null}]]]>
              </value>
            </param>
          </params>
          <reporter-output>
          </reporter-output>
        </test-method> <!-- teardown -->
        <test-method signature="editArticleTest()[pri:6, instance:testScripts.CondiutArticleTest@71b1a49c]" started-at="2024-02-15T22:29:47 IST" name="editArticleTest" finished-at="2024-02-15T22:29:48 IST" duration-ms="375" status="PASS">
          <reporter-output>
          </reporter-output>
        </test-method> <!-- editArticleTest -->
        <test-method is-config="true" signature="teardown(org.testng.ITestResult)[pri:0, instance:testScripts.CondiutArticleTest@71b1a49c]" started-at="2024-02-15T22:29:48 IST" name="teardown" finished-at="2024-02-15T22:29:48 IST" duration-ms="1" status="PASS">
          <params>
            <param index="0">
              <value>
                <![CDATA[[TestResult name=editArticleTest status=SUCCESS method=CondiutArticleTest.editArticleTest()[pri:6, instance:testScripts.CondiutArticleTest@71b1a49c] output={null}]]]>
              </value>
            </param>
          </params>
          <reporter-output>
          </reporter-output>
        </test-method> <!-- teardown -->
        <test-method signature="deleteArticleTest()[pri:7, instance:testScripts.CondiutArticleTest@71b1a49c]" started-at="2024-02-15T22:29:48 IST" name="deleteArticleTest" finished-at="2024-02-15T22:29:49 IST" duration-ms="1530" status="PASS">
          <reporter-output>
          </reporter-output>
        </test-method> <!-- deleteArticleTest -->
        <test-method is-config="true" signature="teardown(org.testng.ITestResult)[pri:0, instance:testScripts.CondiutArticleTest@71b1a49c]" started-at="2024-02-15T22:29:49 IST" name="teardown" finished-at="2024-02-15T22:29:49 IST" duration-ms="1" status="PASS">
          <params>
            <param index="0">
              <value>
                <![CDATA[[TestResult name=deleteArticleTest status=SUCCESS method=CondiutArticleTest.deleteArticleTest()[pri:7, instance:testScripts.CondiutArticleTest@71b1a49c] output={null}]]]>
              </value>
            </param>
          </params>
          <reporter-output>
          </reporter-output>
        </test-method> <!-- teardown -->
        <test-method is-config="true" signature="finishExtent()[pri:0, instance:testScripts.CondiutArticleTest@71b1a49c]" started-at="2024-02-15T22:29:49 IST" name="finishExtent" finished-at="2024-02-15T22:29:50 IST" duration-ms="651" status="PASS">
          <reporter-output>
          </reporter-output>
        </test-method> <!-- finishExtent -->
      </class> <!-- testScripts.CondiutArticleTest -->
    </test> <!-- Default test -->
  </suite> <!-- Default suite -->
</testng-results>
